<?xml version="1.0" encoding="UTF-8"?>
<!-- Generated by org.testng.reporters.JUnitXMLReporter -->
<testsuite ignored="0" hostname="Ashu" failures="0" tests="6" name="Test" time="30.54" errors="0" timestamp="2026-09-18T00:29:12 IST">
  <testcase classname="tests.EndToEndBooking" name="testGetBookingIDs" time="7.46"/>
  <testcase classname="tests.EndToEndBooking" name="testCreateBooking" time="3.613"/>
  <testcase classname="tests.EndToEndBooking" name="testGetBooking" time="5.013"/>
  <testcase classname="tests.EndToEndBooking" name="testUpdateBooking" time="4.013"/>
  <testcase classname="tests.EndToEndBooking" name="testPartialUpdateBooking" time="4.312"/>
  <testcase classname="tests.EndToEndBooking" name="testDeleteBooking" time="5.266"/>
</testsuite> <!-- Test -->
