<?xml version="1.0" encoding="UTF-8"?>
<testng-results ignored="0" total="6" passed="6" failed="0" skipped="0">
  <reporter-output>
  </reporter-output>
  <suite started-at="2026-09-18T00:28:41 IST" name="Suite" finished-at="2026-09-18T00:29:12 IST" duration-ms="30540">
    <groups>
    </groups>
    <test started-at="2026-09-18T00:28:41 IST" name="Test" finished-at="2026-09-18T00:29:12 IST" duration-ms="30540">
      <class name="tests.EndToEndBooking">
        <test-method is-config="true" signature="beforeMethod()[pri:0, instance:tests.EndToEndBooking@20a14b55]" started-at="2026-09-18T00:28:41 IST" name="beforeMethod" finished-at="2026-09-18T00:28:42 IST" duration-ms="636" status="PASS">
          <reporter-output>
          </reporter-output>
        </test-method> <!-- beforeMethod -->
        <test-method signature="testGetBookingIDs()[pri:1, instance:tests.EndToEndBooking@20a14b55]" started-at="2026-09-18T00:28:42 IST" name="testGetBookingIDs" finished-at="2026-09-18T00:28:49 IST" duration-ms="7460" status="PASS">
          <reporter-output>
          </reporter-output>
        </test-method> <!-- testGetBookingIDs -->
        <test-method is-config="true" signature="beforeMethod()[pri:0, instance:tests.EndToEndBooking@20a14b55]" started-at="2026-09-18T00:28:49 IST" name="beforeMethod" finished-at="2026-09-18T00:28:49 IST" duration-ms="1" status="PASS">
          <reporter-output>
          </reporter-output>
        </test-method> <!-- beforeMethod -->
        <test-method signature="testCreateBooking()[pri:2, instance:tests.EndToEndBooking@20a14b55]" started-at="2026-09-18T00:28:49 IST" name="testCreateBooking" finished-at="2026-09-18T00:28:53 IST" duration-ms="3613" status="PASS">
          <reporter-output>
          </reporter-output>
        </test-method> <!-- testCreateBooking -->
        <test-method is-config="true" signature="beforeMethod()[pri:0, instance:tests.EndToEndBooking@20a14b55]" started-at="2026-09-18T00:28:53 IST" name="beforeMethod" finished-at="2026-09-18T00:28:53 IST" duration-ms="1" status="PASS">
          <reporter-output>
          </reporter-output>
        </test-method> <!-- beforeMethod -->
        <test-method signature="testGetBooking()[pri:3, instance:tests.EndToEndBooking@20a14b55]" started-at="2026-09-18T00:28:53 IST" name="testGetBooking" finished-at="2026-09-18T00:28:58 IST" duration-ms="5013" status="PASS">
          <reporter-output>
          </reporter-output>
        </test-method> <!-- testGetBooking -->
        <test-method is-config="true" signature="beforeMethod()[pri:0, instance:tests.EndToEndBooking@20a14b55]" started-at="2026-09-18T00:28:58 IST" name="beforeMethod" finished-at="2026-09-18T00:28:58 IST" duration-ms="2" status="PASS">
          <reporter-output>
          </reporter-output>
        </test-method> <!-- beforeMethod -->
        <test-method signature="testUpdateBooking()[pri:4, instance:tests.EndToEndBooking@20a14b55]" started-at="2026-09-18T00:28:58 IST" name="testUpdateBooking" finished-at="2026-09-18T00:29:02 IST" duration-ms="4013" status="PASS">
          <reporter-output>
          </reporter-output>
        </test-method> <!-- testUpdateBooking -->
        <test-method is-config="true" signature="beforeMethod()[pri:0, instance:tests.EndToEndBooking@20a14b55]" started-at="2026-09-18T00:29:02 IST" name="beforeMethod" finished-at="2026-09-18T00:29:02 IST" duration-ms="2" status="PASS">
          <reporter-output>
          </reporter-output>
        </test-method> <!-- beforeMethod -->
        <test-method signature="testPartialUpdateBooking()[pri:5, instance:tests.EndToEndBooking@20a14b55]" started-at="2026-09-18T00:29:02 IST" name="testPartialUpdateBooking" finished-at="2026-09-18T00:29:06 IST" duration-ms="4312" status="PASS">
          <reporter-output>
          </reporter-output>
        </test-method> <!-- testPartialUpdateBooking -->
        <test-method is-config="true" signature="beforeMethod()[pri:0, instance:tests.EndToEndBooking@20a14b55]" started-at="2026-09-18T00:29:06 IST" name="beforeMethod" finished-at="2026-09-18T00:29:06 IST" duration-ms="1" status="PASS">
          <reporter-output>
          </reporter-output>
        </test-method> <!-- beforeMethod -->
        <test-method signature="testDeleteBooking()[pri:6, instance:tests.EndToEndBooking@20a14b55]" started-at="2026-09-18T00:29:06 IST" name="testDeleteBooking" finished-at="2026-09-18T00:29:12 IST" duration-ms="5266" status="PASS">
          <reporter-output>
          </reporter-output>
        </test-method> <!-- testDeleteBooking -->
      </class> <!-- tests.EndToEndBooking -->
    </test> <!-- Test -->
  </suite> <!-- Suite -->
</testng-results>
