<?xml version="1.0" encoding="UTF-8"?>
<!-- Generated by org.testng.reporters.JUnitReportReporter -->
<testsuite hostname="Ashu" failures="0" tests="3" name="tests.DataDrivenUsingJson" time="0.018" errors="0" timestamp="2026-08-31T09:56:37 IST" skipped="0">
  <testcase classname="tests.DataDrivenUsingJson" name="testDataDrivenUsingJson" time="0.002"/>
  <testcase classname="tests.DataDrivenUsingJson" name="testDataDrivenUsingJson" time="0.015"/>
  <testcase classname="tests.DataDrivenUsingJson" name="testDataDrivenUsingJson" time="0.001"/>
</testsuite> <!-- tests.DataDrivenUsingJson -->
