<?xml version="1.0" encoding="UTF-8"?>
<!-- Generated by org.testng.reporters.JUnitReportReporter -->
<testsuite hostname="Ashu" failures="0" tests="6" name="tests.EndToEndBooking" time="28.858" errors="0" timestamp="2026-09-01T14:34:39 IST" skipped="0">
  <testcase classname="tests.EndToEndBooking" name="testGetBookingIDs" time="5.773"/>
  <testcase classname="tests.EndToEndBooking" name="testCreateBooking" time="3.409"/>
  <testcase classname="tests.EndToEndBooking" name="testGetBooking" time="5.368"/>
  <testcase classname="tests.EndToEndBooking" name="testUpdateBooking" time="5.046"/>
  <testcase classname="tests.EndToEndBooking" name="testPartialUpdateBooking" time="4.112"/>
  <testcase classname="tests.EndToEndBooking" name="testDeleteBooking" time="5.150"/>
</testsuite> <!-- tests.EndToEndBooking -->
