<?xml version="1.0" encoding="UTF-8"?>
<!-- Generated by org.testng.reporters.JUnitReportReporter -->
<testsuite hostname="Ashu" failures="0" tests="8" name="tests.DataDrivenTesting" time="0.697" errors="0" timestamp="2026-09-01T14:50:54 IST" skipped="0">
  <testcase classname="tests.DataDrivenTesting" name="testDataDrivenUsingExcel" time="0.004"/>
  <testcase classname="tests.DataDrivenTesting" name="testDataDrivenUsingJson" time="0.004"/>
  <testcase classname="tests.DataDrivenTesting" name="testDataDrivenUsingJson" time="0.004"/>
  <testcase classname="tests.DataDrivenTesting" name="testDataDrivenUsingExcel" time="0.047"/>
  <testcase classname="tests.DataDrivenTesting" name="testDataDrivenUsingExcel" time="0.004"/>
  <testcase classname="tests.DataDrivenTesting" name="testDataDrivenUsingExcel" time="0.005"/>
  <testcase classname="tests.DataDrivenTesting" name="testDataDrivenUsingExcel" time="0.002"/>
  <testcase classname="tests.DataDrivenTesting" name="testDataDrivenUsingJson" time="0.627"/>
</testsuite> <!-- tests.DataDrivenTesting -->
