<?xml version="1.0" encoding="UTF-8"?>
<!-- Generated by org.testng.reporters.JUnitReportReporter -->
<testsuite hostname="Ashu" failures="0" tests="2" name="tests.DeleteBookingAllureReportGeneration" time="12.761" errors="0" timestamp="2026-09-18T00:17:11 IST" skipped="0">
  <testcase classname="tests.DeleteBookingAllureReportGeneration" name="testDeleteBooking" time="5.058"/>
  <testcase classname="tests.DeleteBookingAllureReportGeneration" name="testCreateBooking" time="7.703"/>
</testsuite> <!-- tests.DeleteBookingAllureReportGeneration -->
