<?xml version="1.0" encoding="UTF-8"?>
<!-- Generated by org.testng.reporters.JUnitReportReporter -->
<testsuite hostname="Ashu" failures="0" tests="6" name="tests.EndToEndBooking" time="30.320" errors="0" timestamp="2026-09-18T00:29:12 IST" skipped="0">
  <testcase classname="tests.EndToEndBooking" name="testGetBookingIDs" time="7.461"/>
  <testcase classname="tests.EndToEndBooking" name="testCreateBooking" time="3.614"/>
  <testcase classname="tests.EndToEndBooking" name="testGetBooking" time="5.015"/>
  <testcase classname="tests.EndToEndBooking" name="testUpdateBooking" time="4.649"/>
  <testcase classname="tests.EndToEndBooking" name="testPartialUpdateBooking" time="4.313"/>
  <testcase classname="tests.EndToEndBooking" name="testDeleteBooking" time="5.268"/>
</testsuite> <!-- tests.EndToEndBooking -->
